  Voxel Snake.cpp
d:\work folder\3d graphics and gamification programs\voxel snake\voxel snake\voxel snake.cpp(28): warning C4244: '=': conversion from 'int' to 'float', possible loss of data
d:\work folder\3d graphics and gamification programs\voxel snake\voxel snake\voxel snake.cpp(29): warning C4244: '=': conversion from 'int' to 'float', possible loss of data
d:\work folder\3d graphics and gamification programs\voxel snake\voxel snake\voxel snake.cpp(77): warning C4244: 'argument': conversion from 'float' to 'GLubyte', possible loss of data
d:\work folder\3d graphics and gamification programs\voxel snake\voxel snake\voxel snake.cpp(164): warning C4018: '<=': signed/unsigned mismatch
d:\work folder\3d graphics and gamification programs\voxel snake\voxel snake\voxel snake.cpp(258): warning C4244: 'argument': conversion from 'int' to 'float', possible loss of data
d:\work folder\3d graphics and gamification programs\voxel snake\voxel snake\voxel snake.cpp(259): warning C4244: 'argument': conversion from 'int' to 'float', possible loss of data
d:\work folder\3d graphics and gamification programs\voxel snake\voxel snake\voxel snake.cpp(260): warning C4018: '<=': signed/unsigned mismatch
d:\work folder\3d graphics and gamification programs\voxel snake\voxel snake\voxel snake.cpp(269): warning C4018: '<=': signed/unsigned mismatch
d:\work folder\3d graphics and gamification programs\voxel snake\voxel snake\voxel snake.cpp(314): warning C4018: '<': signed/unsigned mismatch
d:\work folder\3d graphics and gamification programs\voxel snake\voxel snake\voxel snake.cpp(377): warning C4244: 'argument': conversion from 'double' to 'GLfloat', possible loss of data
d:\work folder\3d graphics and gamification programs\voxel snake\voxel snake\voxel snake.cpp(378): warning C4244: 'argument': conversion from 'double' to 'GLfloat', possible loss of data
d:\work folder\3d graphics and gamification programs\voxel snake\voxel snake\voxel snake.cpp(385): warning C4305: 'argument': truncation from 'double' to 'GLfloat'
d:\work folder\3d graphics and gamification programs\voxel snake\voxel snake\voxel snake.cpp(386): warning C4305: 'argument': truncation from 'double' to 'GLfloat'
d:\work folder\3d graphics and gamification programs\voxel snake\voxel snake\voxel snake.cpp(387): warning C4305: 'argument': truncation from 'double' to 'GLfloat'
d:\work folder\3d graphics and gamification programs\voxel snake\voxel snake\voxel snake.cpp(388): warning C4305: 'argument': truncation from 'double' to 'GLfloat'
d:\work folder\3d graphics and gamification programs\voxel snake\voxel snake\voxel snake.cpp(394): warning C4244: 'argument': conversion from 'int' to 'GLfloat', possible loss of data
d:\work folder\3d graphics and gamification programs\voxel snake\voxel snake\voxel snake.cpp(400): warning C4305: 'argument': truncation from 'double' to 'GLfloat'
d:\work folder\3d graphics and gamification programs\voxel snake\voxel snake\voxel snake.cpp(401): warning C4305: 'argument': truncation from 'double' to 'GLfloat'
d:\work folder\3d graphics and gamification programs\voxel snake\voxel snake\voxel snake.cpp(405): warning C4305: 'argument': truncation from 'double' to 'GLfloat'
d:\work folder\3d graphics and gamification programs\voxel snake\voxel snake\voxel snake.cpp(406): warning C4305: 'argument': truncation from 'double' to 'GLfloat'
d:\work folder\3d graphics and gamification programs\voxel snake\voxel snake\voxel snake.cpp(407): warning C4305: 'argument': truncation from 'double' to 'GLfloat'
d:\work folder\3d graphics and gamification programs\voxel snake\voxel snake\voxel snake.cpp(408): warning C4305: 'argument': truncation from 'double' to 'GLfloat'
d:\work folder\3d graphics and gamification programs\voxel snake\voxel snake\voxel snake.cpp(415): warning C4244: 'argument': conversion from 'int' to 'GLfloat', possible loss of data
d:\work folder\3d graphics and gamification programs\voxel snake\voxel snake\voxel snake.cpp(421): warning C4305: 'argument': truncation from 'double' to 'GLfloat'
d:\work folder\3d graphics and gamification programs\voxel snake\voxel snake\voxel snake.cpp(422): warning C4305: 'argument': truncation from 'double' to 'GLfloat'
d:\work folder\3d graphics and gamification programs\voxel snake\voxel snake\voxel snake.cpp(426): warning C4305: 'argument': truncation from 'double' to 'GLfloat'
d:\work folder\3d graphics and gamification programs\voxel snake\voxel snake\voxel snake.cpp(427): warning C4305: 'argument': truncation from 'double' to 'GLfloat'
d:\work folder\3d graphics and gamification programs\voxel snake\voxel snake\voxel snake.cpp(428): warning C4305: 'argument': truncation from 'double' to 'GLfloat'
d:\work folder\3d graphics and gamification programs\voxel snake\voxel snake\voxel snake.cpp(429): warning C4305: 'argument': truncation from 'double' to 'GLfloat'
d:\work folder\3d graphics and gamification programs\voxel snake\voxel snake\voxel snake.cpp(435): warning C4244: 'argument': conversion from 'int' to 'GLfloat', possible loss of data
d:\work folder\3d graphics and gamification programs\voxel snake\voxel snake\voxel snake.cpp(441): warning C4305: 'argument': truncation from 'double' to 'GLfloat'
d:\work folder\3d graphics and gamification programs\voxel snake\voxel snake\voxel snake.cpp(442): warning C4305: 'argument': truncation from 'double' to 'GLfloat'
d:\work folder\3d graphics and gamification programs\voxel snake\voxel snake\voxel snake.cpp(446): warning C4305: 'argument': truncation from 'double' to 'GLfloat'
d:\work folder\3d graphics and gamification programs\voxel snake\voxel snake\voxel snake.cpp(447): warning C4305: 'argument': truncation from 'double' to 'GLfloat'
d:\work folder\3d graphics and gamification programs\voxel snake\voxel snake\voxel snake.cpp(448): warning C4305: 'argument': truncation from 'double' to 'GLfloat'
d:\work folder\3d graphics and gamification programs\voxel snake\voxel snake\voxel snake.cpp(449): warning C4305: 'argument': truncation from 'double' to 'GLfloat'
d:\work folder\3d graphics and gamification programs\voxel snake\voxel snake\voxel snake.cpp(455): warning C4244: 'argument': conversion from 'int' to 'GLfloat', possible loss of data
d:\work folder\3d graphics and gamification programs\voxel snake\voxel snake\voxel snake.cpp(461): warning C4305: 'argument': truncation from 'double' to 'GLfloat'
d:\work folder\3d graphics and gamification programs\voxel snake\voxel snake\voxel snake.cpp(462): warning C4305: 'argument': truncation from 'double' to 'GLfloat'
d:\work folder\3d graphics and gamification programs\voxel snake\voxel snake\voxel snake.cpp(466): warning C4305: 'argument': truncation from 'double' to 'GLfloat'
d:\work folder\3d graphics and gamification programs\voxel snake\voxel snake\voxel snake.cpp(467): warning C4305: 'argument': truncation from 'double' to 'GLfloat'
d:\work folder\3d graphics and gamification programs\voxel snake\voxel snake\voxel snake.cpp(468): warning C4305: 'argument': truncation from 'double' to 'GLfloat'
d:\work folder\3d graphics and gamification programs\voxel snake\voxel snake\voxel snake.cpp(469): warning C4305: 'argument': truncation from 'double' to 'GLfloat'
d:\work folder\3d graphics and gamification programs\voxel snake\voxel snake\voxel snake.cpp(482): warning C4305: 'argument': truncation from 'double' to 'GLfloat'
d:\work folder\3d graphics and gamification programs\voxel snake\voxel snake\voxel snake.cpp(483): warning C4305: 'argument': truncation from 'double' to 'GLfloat'
d:\work folder\3d graphics and gamification programs\voxel snake\voxel snake\voxel snake.cpp(484): warning C4305: 'argument': truncation from 'double' to 'GLfloat'
d:\work folder\3d graphics and gamification programs\voxel snake\voxel snake\voxel snake.cpp(485): warning C4305: 'argument': truncation from 'double' to 'GLfloat'
d:\work folder\3d graphics and gamification programs\voxel snake\voxel snake\voxel snake.cpp(489): warning C4305: 'argument': truncation from 'double' to 'GLfloat'
d:\work folder\3d graphics and gamification programs\voxel snake\voxel snake\voxel snake.cpp(490): warning C4305: 'argument': truncation from 'double' to 'GLfloat'
d:\work folder\3d graphics and gamification programs\voxel snake\voxel snake\voxel snake.cpp(491): warning C4305: 'argument': truncation from 'double' to 'GLfloat'
d:\work folder\3d graphics and gamification programs\voxel snake\voxel snake\voxel snake.cpp(492): warning C4305: 'argument': truncation from 'double' to 'GLfloat'
d:\work folder\3d graphics and gamification programs\voxel snake\voxel snake\voxel snake.cpp(493): warning C4305: 'argument': truncation from 'double' to 'GLfloat'
d:\work folder\3d graphics and gamification programs\voxel snake\voxel snake\voxel snake.cpp(494): warning C4305: 'argument': truncation from 'double' to 'GLfloat'
d:\work folder\3d graphics and gamification programs\voxel snake\voxel snake\voxel snake.cpp(505): warning C4305: 'argument': truncation from 'double' to 'GLfloat'
d:\work folder\3d graphics and gamification programs\voxel snake\voxel snake\voxel snake.cpp(506): warning C4305: 'argument': truncation from 'double' to 'GLfloat'
d:\work folder\3d graphics and gamification programs\voxel snake\voxel snake\voxel snake.cpp(507): warning C4305: 'argument': truncation from 'double' to 'GLfloat'
d:\work folder\3d graphics and gamification programs\voxel snake\voxel snake\voxel snake.cpp(508): warning C4305: 'argument': truncation from 'double' to 'GLfloat'
d:\work folder\3d graphics and gamification programs\voxel snake\voxel snake\voxel snake.cpp(512): warning C4305: 'argument': truncation from 'double' to 'GLfloat'
d:\work folder\3d graphics and gamification programs\voxel snake\voxel snake\voxel snake.cpp(513): warning C4305: 'argument': truncation from 'double' to 'GLfloat'
d:\work folder\3d graphics and gamification programs\voxel snake\voxel snake\voxel snake.cpp(514): warning C4305: 'argument': truncation from 'double' to 'GLfloat'
d:\work folder\3d graphics and gamification programs\voxel snake\voxel snake\voxel snake.cpp(515): warning C4305: 'argument': truncation from 'double' to 'GLfloat'
d:\work folder\3d graphics and gamification programs\voxel snake\voxel snake\voxel snake.cpp(516): warning C4305: 'argument': truncation from 'double' to 'GLfloat'
d:\work folder\3d graphics and gamification programs\voxel snake\voxel snake\voxel snake.cpp(517): warning C4305: 'argument': truncation from 'double' to 'GLfloat'
d:\work folder\3d graphics and gamification programs\voxel snake\voxel snake\voxel snake.cpp(528): warning C4305: 'argument': truncation from 'double' to 'GLfloat'
d:\work folder\3d graphics and gamification programs\voxel snake\voxel snake\voxel snake.cpp(529): warning C4305: 'argument': truncation from 'double' to 'GLfloat'
d:\work folder\3d graphics and gamification programs\voxel snake\voxel snake\voxel snake.cpp(530): warning C4305: 'argument': truncation from 'double' to 'GLfloat'
d:\work folder\3d graphics and gamification programs\voxel snake\voxel snake\voxel snake.cpp(531): warning C4305: 'argument': truncation from 'double' to 'GLfloat'
d:\work folder\3d graphics and gamification programs\voxel snake\voxel snake\voxel snake.cpp(535): warning C4305: 'argument': truncation from 'double' to 'GLfloat'
d:\work folder\3d graphics and gamification programs\voxel snake\voxel snake\voxel snake.cpp(536): warning C4305: 'argument': truncation from 'double' to 'GLfloat'
d:\work folder\3d graphics and gamification programs\voxel snake\voxel snake\voxel snake.cpp(537): warning C4305: 'argument': truncation from 'double' to 'GLfloat'
d:\work folder\3d graphics and gamification programs\voxel snake\voxel snake\voxel snake.cpp(538): warning C4305: 'argument': truncation from 'double' to 'GLfloat'
d:\work folder\3d graphics and gamification programs\voxel snake\voxel snake\voxel snake.cpp(539): warning C4305: 'argument': truncation from 'double' to 'GLfloat'
d:\work folder\3d graphics and gamification programs\voxel snake\voxel snake\voxel snake.cpp(540): warning C4305: 'argument': truncation from 'double' to 'GLfloat'
d:\work folder\3d graphics and gamification programs\voxel snake\voxel snake\voxel snake.cpp(551): warning C4305: 'argument': truncation from 'double' to 'GLfloat'
d:\work folder\3d graphics and gamification programs\voxel snake\voxel snake\voxel snake.cpp(552): warning C4305: 'argument': truncation from 'double' to 'GLfloat'
d:\work folder\3d graphics and gamification programs\voxel snake\voxel snake\voxel snake.cpp(553): warning C4305: 'argument': truncation from 'double' to 'GLfloat'
d:\work folder\3d graphics and gamification programs\voxel snake\voxel snake\voxel snake.cpp(554): warning C4305: 'argument': truncation from 'double' to 'GLfloat'
d:\work folder\3d graphics and gamification programs\voxel snake\voxel snake\voxel snake.cpp(558): warning C4305: 'argument': truncation from 'double' to 'GLfloat'
d:\work folder\3d graphics and gamification programs\voxel snake\voxel snake\voxel snake.cpp(559): warning C4305: 'argument': truncation from 'double' to 'GLfloat'
d:\work folder\3d graphics and gamification programs\voxel snake\voxel snake\voxel snake.cpp(560): warning C4305: 'argument': truncation from 'double' to 'GLfloat'
d:\work folder\3d graphics and gamification programs\voxel snake\voxel snake\voxel snake.cpp(561): warning C4305: 'argument': truncation from 'double' to 'GLfloat'
d:\work folder\3d graphics and gamification programs\voxel snake\voxel snake\voxel snake.cpp(562): warning C4305: 'argument': truncation from 'double' to 'GLfloat'
d:\work folder\3d graphics and gamification programs\voxel snake\voxel snake\voxel snake.cpp(563): warning C4305: 'argument': truncation from 'double' to 'GLfloat'
d:\work folder\3d graphics and gamification programs\voxel snake\voxel snake\voxel snake.cpp(581): warning C4305: 'argument': truncation from 'double' to 'GLfloat'
d:\work folder\3d graphics and gamification programs\voxel snake\voxel snake\voxel snake.cpp(582): warning C4305: 'argument': truncation from 'double' to 'GLfloat'
d:\work folder\3d graphics and gamification programs\voxel snake\voxel snake\voxel snake.cpp(584): warning C4305: 'argument': truncation from 'double' to 'GLfloat'
d:\work folder\3d graphics and gamification programs\voxel snake\voxel snake\voxel snake.cpp(585): warning C4305: 'argument': truncation from 'double' to 'GLfloat'
d:\work folder\3d graphics and gamification programs\voxel snake\voxel snake\voxel snake.cpp(586): warning C4305: 'argument': truncation from 'double' to 'GLfloat'
d:\work folder\3d graphics and gamification programs\voxel snake\voxel snake\voxel snake.cpp(587): warning C4305: 'argument': truncation from 'double' to 'GLfloat'
d:\work folder\3d graphics and gamification programs\voxel snake\voxel snake\voxel snake.cpp(589): warning C4305: 'argument': truncation from 'double' to 'GLfloat'
d:\work folder\3d graphics and gamification programs\voxel snake\voxel snake\voxel snake.cpp(590): warning C4305: 'argument': truncation from 'double' to 'GLfloat'
d:\work folder\3d graphics and gamification programs\voxel snake\voxel snake\voxel snake.cpp(593): warning C4305: 'argument': truncation from 'double' to 'GLfloat'
d:\work folder\3d graphics and gamification programs\voxel snake\voxel snake\voxel snake.cpp(594): warning C4305: 'argument': truncation from 'double' to 'GLfloat'
d:\work folder\3d graphics and gamification programs\voxel snake\voxel snake\voxel snake.cpp(603): warning C4305: 'argument': truncation from 'double' to 'GLfloat'
d:\work folder\3d graphics and gamification programs\voxel snake\voxel snake\voxel snake.cpp(604): warning C4305: 'argument': truncation from 'double' to 'GLfloat'
d:\work folder\3d graphics and gamification programs\voxel snake\voxel snake\voxel snake.cpp(606): warning C4305: 'argument': truncation from 'double' to 'GLfloat'
d:\work folder\3d graphics and gamification programs\voxel snake\voxel snake\voxel snake.cpp(607): warning C4305: 'argument': truncation from 'double' to 'GLfloat'
d:\work folder\3d graphics and gamification programs\voxel snake\voxel snake\voxel snake.cpp(608): warning C4305: 'argument': truncation from 'double' to 'GLfloat'
d:\work folder\3d graphics and gamification programs\voxel snake\voxel snake\voxel snake.cpp(609): warning C4305: 'argument': truncation from 'double' to 'GLfloat'
d:\work folder\3d graphics and gamification programs\voxel snake\voxel snake\voxel snake.cpp(611): warning C4305: 'argument': truncation from 'double' to 'GLfloat'
d:\work folder\3d graphics and gamification programs\voxel snake\voxel snake\voxel snake.cpp(612): warning C4305: 'argument': truncation from 'double' to 'GLfloat'
d:\work folder\3d graphics and gamification programs\voxel snake\voxel snake\voxel snake.cpp(615): warning C4305: 'argument': truncation from 'double' to 'GLfloat'
d:\work folder\3d graphics and gamification programs\voxel snake\voxel snake\voxel snake.cpp(616): warning C4305: 'argument': truncation from 'double' to 'GLfloat'
d:\work folder\3d graphics and gamification programs\voxel snake\voxel snake\voxel snake.cpp(621): warning C4018: '<=': signed/unsigned mismatch
d:\work folder\3d graphics and gamification programs\voxel snake\voxel snake\voxel snake.cpp(637): warning C4305: 'argument': truncation from 'double' to 'GLfloat'
d:\work folder\3d graphics and gamification programs\voxel snake\voxel snake\voxel snake.cpp(638): warning C4305: 'argument': truncation from 'double' to 'GLfloat'
d:\work folder\3d graphics and gamification programs\voxel snake\voxel snake\voxel snake.cpp(643): warning C4305: 'argument': truncation from 'double' to 'GLfloat'
d:\work folder\3d graphics and gamification programs\voxel snake\voxel snake\voxel snake.cpp(644): warning C4305: 'argument': truncation from 'double' to 'GLfloat'
d:\work folder\3d graphics and gamification programs\voxel snake\voxel snake\voxel snake.cpp(645): warning C4305: 'argument': truncation from 'double' to 'GLfloat'
d:\work folder\3d graphics and gamification programs\voxel snake\voxel snake\voxel snake.cpp(646): warning C4305: 'argument': truncation from 'double' to 'GLfloat'
d:\work folder\3d graphics and gamification programs\voxel snake\voxel snake\voxel snake.cpp(654): warning C4305: 'argument': truncation from 'double' to 'GLfloat'
d:\work folder\3d graphics and gamification programs\voxel snake\voxel snake\voxel snake.cpp(655): warning C4305: 'argument': truncation from 'double' to 'GLfloat'
d:\work folder\3d graphics and gamification programs\voxel snake\voxel snake\voxel snake.cpp(660): warning C4305: 'argument': truncation from 'double' to 'GLfloat'
d:\work folder\3d graphics and gamification programs\voxel snake\voxel snake\voxel snake.cpp(661): warning C4305: 'argument': truncation from 'double' to 'GLfloat'
d:\work folder\3d graphics and gamification programs\voxel snake\voxel snake\voxel snake.cpp(662): warning C4305: 'argument': truncation from 'double' to 'GLfloat'
d:\work folder\3d graphics and gamification programs\voxel snake\voxel snake\voxel snake.cpp(663): warning C4305: 'argument': truncation from 'double' to 'GLfloat'
d:\work folder\3d graphics and gamification programs\voxel snake\voxel snake\voxel snake.cpp(670): warning C4305: 'argument': truncation from 'double' to 'GLfloat'
d:\work folder\3d graphics and gamification programs\voxel snake\voxel snake\voxel snake.cpp(671): warning C4305: 'argument': truncation from 'double' to 'GLfloat'
d:\work folder\3d graphics and gamification programs\voxel snake\voxel snake\voxel snake.cpp(672): warning C4305: 'argument': truncation from 'double' to 'GLfloat'
d:\work folder\3d graphics and gamification programs\voxel snake\voxel snake\voxel snake.cpp(673): warning C4305: 'argument': truncation from 'double' to 'GLfloat'
d:\work folder\3d graphics and gamification programs\voxel snake\voxel snake\voxel snake.cpp(678): warning C4305: 'argument': truncation from 'double' to 'GLfloat'
d:\work folder\3d graphics and gamification programs\voxel snake\voxel snake\voxel snake.cpp(679): warning C4305: 'argument': truncation from 'double' to 'GLfloat'
d:\work folder\3d graphics and gamification programs\voxel snake\voxel snake\voxel snake.cpp(680): warning C4305: 'argument': truncation from 'double' to 'GLfloat'
d:\work folder\3d graphics and gamification programs\voxel snake\voxel snake\voxel snake.cpp(681): warning C4305: 'argument': truncation from 'double' to 'GLfloat'
d:\work folder\3d graphics and gamification programs\voxel snake\voxel snake\voxel snake.cpp(688): warning C4305: 'argument': truncation from 'double' to 'GLfloat'
d:\work folder\3d graphics and gamification programs\voxel snake\voxel snake\voxel snake.cpp(689): warning C4305: 'argument': truncation from 'double' to 'GLfloat'
d:\work folder\3d graphics and gamification programs\voxel snake\voxel snake\voxel snake.cpp(690): warning C4305: 'argument': truncation from 'double' to 'GLfloat'
d:\work folder\3d graphics and gamification programs\voxel snake\voxel snake\voxel snake.cpp(691): warning C4305: 'argument': truncation from 'double' to 'GLfloat'
d:\work folder\3d graphics and gamification programs\voxel snake\voxel snake\voxel snake.cpp(696): warning C4305: 'argument': truncation from 'double' to 'GLfloat'
d:\work folder\3d graphics and gamification programs\voxel snake\voxel snake\voxel snake.cpp(697): warning C4305: 'argument': truncation from 'double' to 'GLfloat'
d:\work folder\3d graphics and gamification programs\voxel snake\voxel snake\voxel snake.cpp(698): warning C4305: 'argument': truncation from 'double' to 'GLfloat'
d:\work folder\3d graphics and gamification programs\voxel snake\voxel snake\voxel snake.cpp(699): warning C4305: 'argument': truncation from 'double' to 'GLfloat'
d:\work folder\3d graphics and gamification programs\voxel snake\voxel snake\voxel snake.cpp(706): warning C4305: 'argument': truncation from 'double' to 'GLfloat'
d:\work folder\3d graphics and gamification programs\voxel snake\voxel snake\voxel snake.cpp(707): warning C4305: 'argument': truncation from 'double' to 'GLfloat'
d:\work folder\3d graphics and gamification programs\voxel snake\voxel snake\voxel snake.cpp(708): warning C4305: 'argument': truncation from 'double' to 'GLfloat'
d:\work folder\3d graphics and gamification programs\voxel snake\voxel snake\voxel snake.cpp(709): warning C4305: 'argument': truncation from 'double' to 'GLfloat'
d:\work folder\3d graphics and gamification programs\voxel snake\voxel snake\voxel snake.cpp(714): warning C4305: 'argument': truncation from 'double' to 'GLfloat'
d:\work folder\3d graphics and gamification programs\voxel snake\voxel snake\voxel snake.cpp(715): warning C4305: 'argument': truncation from 'double' to 'GLfloat'
d:\work folder\3d graphics and gamification programs\voxel snake\voxel snake\voxel snake.cpp(716): warning C4305: 'argument': truncation from 'double' to 'GLfloat'
d:\work folder\3d graphics and gamification programs\voxel snake\voxel snake\voxel snake.cpp(717): warning C4305: 'argument': truncation from 'double' to 'GLfloat'
d:\work folder\3d graphics and gamification programs\voxel snake\voxel snake\voxel snake.cpp(724): warning C4305: 'argument': truncation from 'double' to 'GLfloat'
d:\work folder\3d graphics and gamification programs\voxel snake\voxel snake\voxel snake.cpp(725): warning C4305: 'argument': truncation from 'double' to 'GLfloat'
d:\work folder\3d graphics and gamification programs\voxel snake\voxel snake\voxel snake.cpp(726): warning C4305: 'argument': truncation from 'double' to 'GLfloat'
d:\work folder\3d graphics and gamification programs\voxel snake\voxel snake\voxel snake.cpp(727): warning C4305: 'argument': truncation from 'double' to 'GLfloat'
d:\work folder\3d graphics and gamification programs\voxel snake\voxel snake\voxel snake.cpp(732): warning C4305: 'argument': truncation from 'double' to 'GLfloat'
d:\work folder\3d graphics and gamification programs\voxel snake\voxel snake\voxel snake.cpp(733): warning C4305: 'argument': truncation from 'double' to 'GLfloat'
d:\work folder\3d graphics and gamification programs\voxel snake\voxel snake\voxel snake.cpp(734): warning C4305: 'argument': truncation from 'double' to 'GLfloat'
d:\work folder\3d graphics and gamification programs\voxel snake\voxel snake\voxel snake.cpp(735): warning C4305: 'argument': truncation from 'double' to 'GLfloat'
d:\work folder\3d graphics and gamification programs\voxel snake\voxel snake\voxel snake.cpp(742): warning C4305: 'argument': truncation from 'double' to 'GLfloat'
d:\work folder\3d graphics and gamification programs\voxel snake\voxel snake\voxel snake.cpp(743): warning C4305: 'argument': truncation from 'double' to 'GLfloat'
d:\work folder\3d graphics and gamification programs\voxel snake\voxel snake\voxel snake.cpp(744): warning C4305: 'argument': truncation from 'double' to 'GLfloat'
d:\work folder\3d graphics and gamification programs\voxel snake\voxel snake\voxel snake.cpp(745): warning C4305: 'argument': truncation from 'double' to 'GLfloat'
d:\work folder\3d graphics and gamification programs\voxel snake\voxel snake\voxel snake.cpp(750): warning C4305: 'argument': truncation from 'double' to 'GLfloat'
d:\work folder\3d graphics and gamification programs\voxel snake\voxel snake\voxel snake.cpp(751): warning C4305: 'argument': truncation from 'double' to 'GLfloat'
d:\work folder\3d graphics and gamification programs\voxel snake\voxel snake\voxel snake.cpp(752): warning C4305: 'argument': truncation from 'double' to 'GLfloat'
d:\work folder\3d graphics and gamification programs\voxel snake\voxel snake\voxel snake.cpp(753): warning C4305: 'argument': truncation from 'double' to 'GLfloat'
d:\work folder\3d graphics and gamification programs\voxel snake\voxel snake\voxel snake.cpp(760): warning C4305: 'argument': truncation from 'double' to 'GLfloat'
d:\work folder\3d graphics and gamification programs\voxel snake\voxel snake\voxel snake.cpp(761): warning C4305: 'argument': truncation from 'double' to 'GLfloat'
d:\work folder\3d graphics and gamification programs\voxel snake\voxel snake\voxel snake.cpp(762): warning C4305: 'argument': truncation from 'double' to 'GLfloat'
d:\work folder\3d graphics and gamification programs\voxel snake\voxel snake\voxel snake.cpp(763): warning C4305: 'argument': truncation from 'double' to 'GLfloat'
d:\work folder\3d graphics and gamification programs\voxel snake\voxel snake\voxel snake.cpp(768): warning C4305: 'argument': truncation from 'double' to 'GLfloat'
d:\work folder\3d graphics and gamification programs\voxel snake\voxel snake\voxel snake.cpp(769): warning C4305: 'argument': truncation from 'double' to 'GLfloat'
d:\work folder\3d graphics and gamification programs\voxel snake\voxel snake\voxel snake.cpp(770): warning C4305: 'argument': truncation from 'double' to 'GLfloat'
d:\work folder\3d graphics and gamification programs\voxel snake\voxel snake\voxel snake.cpp(771): warning C4305: 'argument': truncation from 'double' to 'GLfloat'
d:\work folder\3d graphics and gamification programs\voxel snake\voxel snake\voxel snake.cpp(778): warning C4305: 'argument': truncation from 'double' to 'GLfloat'
d:\work folder\3d graphics and gamification programs\voxel snake\voxel snake\voxel snake.cpp(779): warning C4305: 'argument': truncation from 'double' to 'GLfloat'
d:\work folder\3d graphics and gamification programs\voxel snake\voxel snake\voxel snake.cpp(780): warning C4305: 'argument': truncation from 'double' to 'GLfloat'
d:\work folder\3d graphics and gamification programs\voxel snake\voxel snake\voxel snake.cpp(781): warning C4305: 'argument': truncation from 'double' to 'GLfloat'
d:\work folder\3d graphics and gamification programs\voxel snake\voxel snake\voxel snake.cpp(786): warning C4305: 'argument': truncation from 'double' to 'GLfloat'
d:\work folder\3d graphics and gamification programs\voxel snake\voxel snake\voxel snake.cpp(787): warning C4305: 'argument': truncation from 'double' to 'GLfloat'
d:\work folder\3d graphics and gamification programs\voxel snake\voxel snake\voxel snake.cpp(788): warning C4305: 'argument': truncation from 'double' to 'GLfloat'
d:\work folder\3d graphics and gamification programs\voxel snake\voxel snake\voxel snake.cpp(789): warning C4305: 'argument': truncation from 'double' to 'GLfloat'
d:\work folder\3d graphics and gamification programs\voxel snake\voxel snake\voxel snake.cpp(796): warning C4305: 'argument': truncation from 'double' to 'GLfloat'
d:\work folder\3d graphics and gamification programs\voxel snake\voxel snake\voxel snake.cpp(797): warning C4305: 'argument': truncation from 'double' to 'GLfloat'
d:\work folder\3d graphics and gamification programs\voxel snake\voxel snake\voxel snake.cpp(798): warning C4305: 'argument': truncation from 'double' to 'GLfloat'
d:\work folder\3d graphics and gamification programs\voxel snake\voxel snake\voxel snake.cpp(799): warning C4305: 'argument': truncation from 'double' to 'GLfloat'
d:\work folder\3d graphics and gamification programs\voxel snake\voxel snake\voxel snake.cpp(804): warning C4305: 'argument': truncation from 'double' to 'GLfloat'
d:\work folder\3d graphics and gamification programs\voxel snake\voxel snake\voxel snake.cpp(805): warning C4305: 'argument': truncation from 'double' to 'GLfloat'
d:\work folder\3d graphics and gamification programs\voxel snake\voxel snake\voxel snake.cpp(806): warning C4305: 'argument': truncation from 'double' to 'GLfloat'
d:\work folder\3d graphics and gamification programs\voxel snake\voxel snake\voxel snake.cpp(807): warning C4305: 'argument': truncation from 'double' to 'GLfloat'
d:\work folder\3d graphics and gamification programs\voxel snake\voxel snake\voxel snake.cpp(820): warning C4305: 'argument': truncation from 'double' to 'GLfloat'
d:\work folder\3d graphics and gamification programs\voxel snake\voxel snake\voxel snake.cpp(821): warning C4305: 'argument': truncation from 'double' to 'GLfloat'
d:\work folder\3d graphics and gamification programs\voxel snake\voxel snake\voxel snake.cpp(826): warning C4305: 'argument': truncation from 'double' to 'GLfloat'
d:\work folder\3d graphics and gamification programs\voxel snake\voxel snake\voxel snake.cpp(827): warning C4305: 'argument': truncation from 'double' to 'GLfloat'
d:\work folder\3d graphics and gamification programs\voxel snake\voxel snake\voxel snake.cpp(828): warning C4305: 'argument': truncation from 'double' to 'GLfloat'
d:\work folder\3d graphics and gamification programs\voxel snake\voxel snake\voxel snake.cpp(829): warning C4305: 'argument': truncation from 'double' to 'GLfloat'
d:\work folder\3d graphics and gamification programs\voxel snake\voxel snake\voxel snake.cpp(830): warning C4305: 'argument': truncation from 'double' to 'GLfloat'
d:\work folder\3d graphics and gamification programs\voxel snake\voxel snake\voxel snake.cpp(831): warning C4305: 'argument': truncation from 'double' to 'GLfloat'
d:\work folder\3d graphics and gamification programs\voxel snake\voxel snake\voxel snake.cpp(838): warning C4305: 'argument': truncation from 'double' to 'GLfloat'
d:\work folder\3d graphics and gamification programs\voxel snake\voxel snake\voxel snake.cpp(839): warning C4305: 'argument': truncation from 'double' to 'GLfloat'
d:\work folder\3d graphics and gamification programs\voxel snake\voxel snake\voxel snake.cpp(844): warning C4305: 'argument': truncation from 'double' to 'GLfloat'
d:\work folder\3d graphics and gamification programs\voxel snake\voxel snake\voxel snake.cpp(845): warning C4305: 'argument': truncation from 'double' to 'GLfloat'
d:\work folder\3d graphics and gamification programs\voxel snake\voxel snake\voxel snake.cpp(846): warning C4305: 'argument': truncation from 'double' to 'GLfloat'
d:\work folder\3d graphics and gamification programs\voxel snake\voxel snake\voxel snake.cpp(847): warning C4305: 'argument': truncation from 'double' to 'GLfloat'
d:\work folder\3d graphics and gamification programs\voxel snake\voxel snake\voxel snake.cpp(848): warning C4305: 'argument': truncation from 'double' to 'GLfloat'
d:\work folder\3d graphics and gamification programs\voxel snake\voxel snake\voxel snake.cpp(849): warning C4305: 'argument': truncation from 'double' to 'GLfloat'
d:\work folder\3d graphics and gamification programs\voxel snake\voxel snake\voxel snake.cpp(856): warning C4305: 'argument': truncation from 'double' to 'GLfloat'
d:\work folder\3d graphics and gamification programs\voxel snake\voxel snake\voxel snake.cpp(857): warning C4305: 'argument': truncation from 'double' to 'GLfloat'
d:\work folder\3d graphics and gamification programs\voxel snake\voxel snake\voxel snake.cpp(862): warning C4305: 'argument': truncation from 'double' to 'GLfloat'
d:\work folder\3d graphics and gamification programs\voxel snake\voxel snake\voxel snake.cpp(863): warning C4305: 'argument': truncation from 'double' to 'GLfloat'
d:\work folder\3d graphics and gamification programs\voxel snake\voxel snake\voxel snake.cpp(864): warning C4305: 'argument': truncation from 'double' to 'GLfloat'
d:\work folder\3d graphics and gamification programs\voxel snake\voxel snake\voxel snake.cpp(865): warning C4305: 'argument': truncation from 'double' to 'GLfloat'
d:\work folder\3d graphics and gamification programs\voxel snake\voxel snake\voxel snake.cpp(866): warning C4305: 'argument': truncation from 'double' to 'GLfloat'
d:\work folder\3d graphics and gamification programs\voxel snake\voxel snake\voxel snake.cpp(867): warning C4305: 'argument': truncation from 'double' to 'GLfloat'
d:\work folder\3d graphics and gamification programs\voxel snake\voxel snake\voxel snake.cpp(874): warning C4305: 'argument': truncation from 'double' to 'GLfloat'
d:\work folder\3d graphics and gamification programs\voxel snake\voxel snake\voxel snake.cpp(875): warning C4305: 'argument': truncation from 'double' to 'GLfloat'
d:\work folder\3d graphics and gamification programs\voxel snake\voxel snake\voxel snake.cpp(880): warning C4305: 'argument': truncation from 'double' to 'GLfloat'
d:\work folder\3d graphics and gamification programs\voxel snake\voxel snake\voxel snake.cpp(881): warning C4305: 'argument': truncation from 'double' to 'GLfloat'
d:\work folder\3d graphics and gamification programs\voxel snake\voxel snake\voxel snake.cpp(882): warning C4305: 'argument': truncation from 'double' to 'GLfloat'
d:\work folder\3d graphics and gamification programs\voxel snake\voxel snake\voxel snake.cpp(883): warning C4305: 'argument': truncation from 'double' to 'GLfloat'
d:\work folder\3d graphics and gamification programs\voxel snake\voxel snake\voxel snake.cpp(884): warning C4305: 'argument': truncation from 'double' to 'GLfloat'
d:\work folder\3d graphics and gamification programs\voxel snake\voxel snake\voxel snake.cpp(885): warning C4305: 'argument': truncation from 'double' to 'GLfloat'
d:\work folder\3d graphics and gamification programs\voxel snake\voxel snake\voxel snake.cpp(1006): warning C4244: 'argument': conversion from 'time_t' to 'unsigned int', possible loss of data
  Voxel Snake.vcxproj -> D:\Work Folder\3D Graphics and Gamification Programs\Voxel Snake\Debug\Voxel Snake.exe
